<?xml version="1.0" encoding="UTF-8"?>
<testsuite name="HelloTestUnitTest" tests="1" skipped="0" failures="0" errors="0" timestamp="2018-03-04T10:49:52" hostname="princess-eve-host" time="0.001">
  <properties/>
  <testcase name="addition_isCorrect" classname="HelloTestUnitTest" time="0.001"/>
  <system-out><![CDATA[]]></system-out>
  <system-err><![CDATA[]]></system-err>
</testsuite>
